--- ERROR ---
[
  {
    "question": "각자 계자 저항이 있는 직류 분권 전동기 및 직류 직권 전동기를 사용하여 부하를 구동시키고, 이 전동기를 정지시킬 때 계자 저항의 크기는 어떻게 조절하는 것이 가장 적합한가?",
    "options": [
      "전동기 : 최대, 발전기 : 최소",
      "전동기 : 최소, 발전기 : 최대",
      "전동기 : 최소, 발전기 : 중간",
      "전동기 : 최대, 발전기 : 중간"
    ],
    "answer": 2
  },
  {
    "question": "권수비가 $100$인 변압기에서 $1$차측으로 전류가 $10 [A]$일 때 $2$차측으로 환산하면 얼마인가?",
    "options": [
      "$16 [A]$",
      "$10 [A]$",
      "$9 [A]$",
      "$6 [A]$"
    ],
    "answer": 2
  },
  {
    "question": "변압기의 $1$차측이란?",
    "options": [
      "고압측",
      "저압측",
      "전원측",
      "부하측"
    ],
    "answer": 3
  },
  {
    "question": "역률과 효율이 좋아서 가정용 선풍기, 전기 세탁기, 냉장고 등에 주로 사용되는 전동기는?",
    "options": [
      "분상 기동형 전동기",
      "콘덴서 기동형 전동기",
      "반발 기동형 전동기",
      "셰이딩 코일형 전동기"
    ],
    "answer": 2
  },
  {
    "question": "동기 발전기의 병렬 운전에서 같지 않아도 되는 것은?",
    "options": [
      "위상",
      "주파수",
      "용량",
      "전압"
    ],
    "answer": 3
  },
  {
    "question": "$9.8 [kW]$, $1,200 [rpm]$인 전동기의 토크는 약 $[kg \\cdot m]$인가?",
    "options": [
      "$8.4$",
      "$8.2$",
      "$7.9$",
      "$7.5$"
    ],
    "answer": 3
  },
  {
    "question": "무부하 전압 $242 [V]$, 정격 전압 $220 [V]$인 발전기의 전압 변동률은 몇 $[\%]$인가?",
    "options": [
      "$12$",
      "$11$",
      "$10$",
      "$15$"
    ],
    "answer": 3
  },
  {
    "question": "변압기의 임피던스 전압에 대한 설명으로 옳지 않은 것은?",
    "options": [
      "$1$차 여자 전류가 흐를 때의 $2$차측 단자 전압이다.",
      "정격 전류가 흐를 때의 $2$차측 단자 전압이다.",
      "정격 전류에 의한 변압기 내부 전압 강하이다.",
      "$2$차 단락 전류가 흐를 때의 변압기 내의 전압 강하이다."
    ],
    "answer": 1
  },
  {
    "question": "변압기유가 구비해야 할 조건은?",
    "options": [
      "절연 내력이 클 것",
      "인화점이 높을 것",
      "응고점이 낮을 것",
      "비열이 작을 것"
    ],
    "answer": 4
  },
  {
    "question": "변압기에서 퍼센트 저항 강하 $3 [\\%]$, 리액턴스 강하 $4 [\\%]$일 때, 역률 $0.8$(지상)의 전압 변동률은?",
    "options": [
      "$2.4 [\\%]$",
      "$3.6 [\\%]$",
      "$4.8 [\\%]$",
      "$6.1 [\\%]$"
    ],
    "answer": 3
  }
]

--- ERROR ---
[
  {
    "question": "6극 72홈 표준 동형 3상 유도 전동기의 매극 매상 홈수는?",
    "answer": 3
  },
  {
    "question": "브리지 회로에서 미지의 인덕턴스 $L_x$를 구하면?\n(회로도 이미지)",
    "answer": 1
  },
  {
    "question": "부흐홀츠 계전기의 설치 위치로 가장 적당한 곳은?",
    "answer": 2
  },
  {
    "question": "비사인파의 일반적인 구성이 아닌 것은?",
    "answer": 1
  },
  {
    "question": "다음 중 접지 공사의 목적으로 알맞지 않은 것은?",
    "answer": 1
  },
  {
    "question": "교류 $380 [V]$를 사용하는 공장의 전선과 대지 사이의 절연 저항은 몇 $[\mathrm{M}\\Omega]$ 이상이어야 하는가?",
    "answer": 4
  },
  {
    "question": "변압기 철심에 성층 철심을 사용하는 이유는?",
    "answer": 1
  },
  {
    "question": "단위 회로에서 전류 $I[\mathrm{A}]$가 $10[\%]$ 증가시키면 저항 $R[\Omega]$은 어떻게 되겠는가?",
    "answer": 2
  },
  {
    "question": "동기 조상기가 콘덴서보다 좋은 점은 무엇인가?",
    "answer": 3
  },
  {
    "question": "서로 다른 종류의 금속 $\\mathrm{A}$와 $\\mathrm{B}$를 접속하여 한 접합점에 전압을 가하면 열기전력이 흐르게 된다. 이와 같은 것은?",
    "answer": 3
  }
]

--- ERROR ---
[
  {
    "question": "3상 4선식, $380/220[V]$에서 중성선에 연결하는 선을 무엇이라 하는가?",
    "options": [
      "접지선",
      "전압선",
      "중성선",
      "분기선"
    ],
    "answer": 3
  },
  {
    "question": "OW 전선의 명칭은 무엇인가?",
    "options": [
      "$450/750[V]$ 일반용 단심 비닐 절연 전선",
      "배선용 단심 비닐 절연 전선",
      "인입용 비닐 절연 전선",
      "옥외용 비닐 절연 전선"
    ],
    "answer": 4
  },
  {
    "question": "화약류 저장소에서 백열전등이나 형광등 또는 이들에 전기를 공급하기 위한 전기 설비를 시설할 경우 전로의 대지 전압은 몇 $[V]$ 이하이어야 하는가?",
    "options": [
      "$150[V]$",
      "$200[V]$",
      "$300[V]$",
      "$400[V]$"
    ],
    "answer": 3
  },
  {
    "question": "서로 다른 굵기의 절연 전선을 금속 덕트에 넣는 경우 전선이 차지하는 단면적은 피복 절연물을 포함한 단면적의 총합계가 덕트 내 단면적의 몇 $[\%]$ 이하가 되도록 선정하여야 하는가?",
    "options": [
      "$20$",
      "$30$",
      "$40$",
      "$50$"
    ],
    "answer": 3
  },
  {
    "question": "정격 용량 $50[\\mu F]$인 콘덴서에 $200[V]$, $60[Hz]$의 사인파 전압을 가할 때 흐르는 전류는?",
    "options": [
      "$3.77$",
      "$6.28$",
      "$12.28$",
      "$37.68$"
    ],
    "answer": 4
  },
  {
    "question": "정격 전압 $110[V]$, 전기자 전류 $10[A]$, 전기자 저항 $1[\\Omega]$인 직류 분권 전동기가 회전수 $1,500[rpm]$으로 회전하고 있다. 이때, 발생되는 역기전력은 몇 $[V]$인가?",
    "options": [
      "$120$",
      "$110$",
      "$100$",
      "$90$"
    ],
    "answer": 3
  },
  {
    "question": "정격 전압 $110[V]$, 전기자 전류 $10[A]$, 유도 기전력 $104[V]$인 직류 분권 발전기의 단자 전압은 몇 $[V]$인가?",
    "options": [
      "$98$",
      "$100$",
      "$102$",
      "$105$"
    ],
    "answer": 4
  },
  {
    "question": "다음 중 변압기의 원리와 가장 관계가 있는 것은?",
    "options": [
      "전자 유도 작용",
      "표피 작용",
      "전기자 반작용",
      "핀치 작용"
    ],
    "answer": 1
  },
  {
    "question": "동기 발전기의 병렬 운전에 필요한 조건이 아닌 것은?",
    "options": [
      "기전력의 주파수가 같을 것",
      "기전력의 크기가 같을 것",
      "기전력의 임피던스가 같을 것",
      "기전력의 위상이 같을 것"
    ],
    "answer": 3
  },
  {
    "question": "그림의 회로에서 소비되는 전력은 몇 $[W]$인가?",
    "options": [
      "$1,200$",
      "$2,400$",
      "$3,600$",
      "$4,800$"
    ],
    "answer": 2
  }
]

